[2024-07-18 21:47:14,983][__main__][INFO] - Begin training ear enhancement module.
[2024-07-18 21:51:57,536][__main__][INFO] - Begin training ear enhancement module.
[2024-07-18 21:52:47,098][__main__][INFO] - Begin training ear enhancement module.
[2024-07-18 21:55:26,314][__main__][INFO] - Begin training ear enhancement module.
[2024-07-18 22:17:53,138][__main__][INFO] - Begin training ear enhancement module.
[2024-07-18 22:29:14,941][__main__][INFO] - Begin training ear enhancement module.
[2024-07-18 22:34:50,295][__main__][INFO] - Begin training ear enhancement module.
[2024-07-18 22:53:12,236][__main__][INFO] - Begin training ear enhancement module.
[2024-07-18 22:53:54,982][__main__][INFO] - Begin training ear enhancement module.
[2024-07-19 00:26:38,118][__main__][INFO] - Begin training ear enhancement module.
[2024-07-19 00:29:48,137][__main__][INFO] - Begin training ear enhancement module.
[2024-07-19 00:33:56,789][__main__][INFO] - Begin training ear enhancement module.
[2024-07-19 00:35:40,558][__main__][INFO] - Begin training ear enhancement module.
[2024-07-19 00:38:08,641][__main__][INFO] - Begin training ear enhancement module.
[2024-07-19 01:01:36,635][__main__][INFO] - Begin training ear enhancement module.
[2024-07-19 01:23:59,191][__main__][INFO] - Begin training ear enhancement module.
[2024-07-22 10:56:40,499][__main__][INFO] - Begin training left ear enhancement module.
[2024-07-22 10:59:22,688][__main__][INFO] - Begin training left ear enhancement module.
[2024-07-22 11:01:11,865][__main__][INFO] - Begin training left ear enhancement module.
[2024-07-22 11:02:09,616][__main__][INFO] - Begin training left ear enhancement module.
[2024-07-22 11:04:04,204][__main__][INFO] - Begin training left ear enhancement module.
[2024-07-22 11:06:11,354][__main__][INFO] - Begin training left ear enhancement module.
[2024-07-22 11:11:00,264][__main__][INFO] - Begin training left ear enhancement module.
[2024-07-22 11:14:07,581][__main__][INFO] - Begin training left ear enhancement module.
[2024-07-22 11:20:00,481][__main__][INFO] - Begin training ear enhancement module.
[2024-07-22 11:26:15,071][__main__][INFO] - Begin training ear enhancement module.
[2024-07-22 11:30:01,048][__main__][INFO] - Begin training ear enhancement module.
[2024-07-22 11:31:41,055][__main__][INFO] - Begin training ear enhancement module.
[2024-07-22 11:32:32,161][__main__][INFO] - Begin training ear enhancement module.
[2024-07-22 11:34:28,796][__main__][INFO] - Begin training ear enhancement module.
[2024-07-24 00:41:17,959][__main__][INFO] - Begin training left ear enhancement module.
[2024-07-24 01:07:48,778][__main__][INFO] - Begin training left ear enhancement module.
[2024-07-24 01:17:12,580][__main__][INFO] - Begin training right ear enhancement module.
[2024-07-24 01:26:41,227][__main__][INFO] - Begin training left ear amplification module.
[2024-07-24 01:40:07,594][__main__][INFO] - Begin training left ear enhancement module.
[2024-07-24 01:40:07,594][__main__][INFO] - Enhancement module exist
[2024-07-24 01:40:07,594][__main__][INFO] - Begin training right ear enhancement module.
[2024-07-24 01:40:07,594][__main__][INFO] - Enhancement module exist
[2024-07-24 01:40:07,594][__main__][INFO] - Begin training left ear amplification module.
[2024-07-24 02:04:49,996][__main__][INFO] - Begin training left ear enhancement module.
[2024-07-24 02:04:49,996][__main__][INFO] - Enhancement module exist
[2024-07-24 02:04:49,996][__main__][INFO] - Begin training right ear enhancement module.
[2024-07-24 02:04:49,997][__main__][INFO] - Enhancement module exist
[2024-07-24 02:04:49,997][__main__][INFO] - Begin training left ear amplification module.
[2024-07-26 08:38:35,730][__main__][INFO] - Begin training left ear enhancement module.
[2024-07-26 08:38:35,743][__main__][INFO] - Enhancement module exist
[2024-07-26 08:38:35,743][__main__][INFO] - Begin training right ear enhancement module.
[2024-07-26 08:38:35,753][__main__][INFO] - Enhancement module exist
[2024-07-26 08:38:35,753][__main__][INFO] - Begin training left ear amplification module.
[2024-07-26 09:19:53,651][__main__][INFO] - Begin training left ear enhancement module.
[2024-07-26 09:19:53,651][__main__][INFO] - Enhancement module exist
[2024-07-26 09:19:53,651][__main__][INFO] - Begin training right ear enhancement module.
[2024-07-26 09:19:53,652][__main__][INFO] - Enhancement module exist
[2024-07-26 09:19:53,652][__main__][INFO] - Begin training left ear amplification module.
[2024-07-26 12:01:10,013][__main__][INFO] - Begin training left ear enhancement module.
[2024-07-29 22:23:22,924][__main__][INFO] - Begin training left ear enhancement module.
[2024-07-29 22:29:55,004][__main__][INFO] - Begin training left ear enhancement module.
[2024-07-29 22:33:27,721][__main__][INFO] - Begin training left ear enhancement module.
[2024-07-29 22:37:47,564][__main__][INFO] - Begin training left ear enhancement module.
[2024-07-29 22:39:01,920][__main__][INFO] - Begin training left ear enhancement module.
[2024-07-29 22:41:28,334][__main__][INFO] - Begin training left ear enhancement module.
[2024-07-29 22:43:20,390][__main__][INFO] - Begin training left ear enhancement module.
[2024-07-29 22:47:50,370][__main__][INFO] - Begin training left ear enhancement module.
[2024-07-29 22:57:05,377][__main__][INFO] - Begin training right ear enhancement module.
[2024-07-29 23:06:12,964][__main__][INFO] - Begin training left ear amplification module.
[2024-07-29 23:31:35,953][__main__][INFO] - Begin training ear enhancement module.
[2024-07-29 23:41:17,891][__main__][INFO] - Begin training left ear amplification module.
[2024-07-29 23:47:16,877][__main__][INFO] - Begin training ear enhancement module.
[2024-07-29 23:47:16,878][__main__][INFO] - Enhancement module exist
[2024-07-29 23:47:16,878][__main__][INFO] - Begin training ear amplification module.
[2024-07-29 23:49:57,477][__main__][INFO] - Begin training ear enhancement module.
[2024-07-29 23:49:57,477][__main__][INFO] - Enhancement module exist
[2024-07-29 23:49:57,477][__main__][INFO] - Begin training ear amplification module.
[2024-07-29 23:53:27,839][__main__][INFO] - Begin training ear enhancement module.
[2024-07-29 23:53:27,840][__main__][INFO] - Enhancement module exist
[2024-07-29 23:53:27,840][__main__][INFO] - Begin training ear amplification module.
[2024-07-29 23:55:58,014][__main__][INFO] - Begin training ear enhancement module.
[2024-07-29 23:55:58,014][__main__][INFO] - Enhancement module exist
[2024-07-29 23:55:58,014][__main__][INFO] - Begin training ear amplification module.
[2024-07-29 23:59:25,226][__main__][INFO] - Begin training ear enhancement module.
[2024-07-29 23:59:25,226][__main__][INFO] - Enhancement module exist
[2024-07-29 23:59:25,226][__main__][INFO] - Begin training ear amplification module.
[2024-07-30 00:03:44,530][__main__][INFO] - Begin training ear enhancement module.
[2024-07-30 00:10:56,259][__main__][INFO] - Begin training ear enhancement module.
[2024-07-30 00:20:11,046][__main__][INFO] - Begin training ear amplification module.
[2024-07-30 00:43:59,068][__main__][INFO] - Begin training ear enhancement module.
[2024-07-30 00:43:59,068][__main__][INFO] - Enhancement module exist
[2024-07-30 00:43:59,068][__main__][INFO] - Begin training ear amplification module.
[2024-07-30 00:49:14,707][__main__][INFO] - Begin training ear enhancement module.
[2024-07-30 00:49:14,708][__main__][INFO] - Enhancement module exist
[2024-07-30 00:49:14,708][__main__][INFO] - Begin training ear amplification module.
[2024-07-30 01:06:29,902][__main__][INFO] - Begin training ear enhancement module.
[2024-07-30 01:06:29,902][__main__][INFO] - Enhancement module exist
[2024-07-30 01:06:29,902][__main__][INFO] - Begin training left ear amplification module.
[2024-07-30 01:15:00,340][__main__][INFO] - Begin training ear enhancement module.
[2024-07-30 01:15:00,340][__main__][INFO] - Enhancement module exist
[2024-07-30 01:15:00,341][__main__][INFO] - Begin training left ear amplification module.
[2024-07-30 01:20:34,675][__main__][INFO] - Begin training ear enhancement module.
[2024-07-30 01:20:34,676][__main__][INFO] - Enhancement module exist
[2024-07-30 01:20:34,676][__main__][INFO] - Begin training left ear amplification module.
[2024-07-30 01:57:43,666][__main__][INFO] - Begin training ear enhancement module.
[2024-07-30 01:57:43,667][__main__][INFO] - Enhancement module exist
[2024-07-30 01:57:43,667][__main__][INFO] - Begin training left ear amplification module.
[2024-07-30 01:57:55,015][__main__][INFO] - Begin training ear enhancement module.
[2024-07-30 01:57:55,015][__main__][INFO] - Enhancement module exist
[2024-07-30 01:57:55,015][__main__][INFO] - Begin training left ear amplification module.
